<?xml version="1.0" encoding="UTF-8"?>
<testng-results ignored="0" total="1" passed="1" failed="0" skipped="0">
  <reporter-output>
  </reporter-output>
  <suite started-at="2023-09-07T13:04:59 IST" name="Suite" finished-at="2023-09-07T13:05:08 IST" duration-ms="9067">
    <groups>
    </groups>
    <test started-at="2023-09-07T13:04:59 IST" name="Test" finished-at="2023-09-07T13:05:08 IST" duration-ms="9067">
      <class name="com.testngseltesttwo.JenkinsSelTest">
        <test-method signature="f()[pri:0, instance:com.testngseltesttwo.JenkinsSelTest@54c5a2ff]" started-at="2023-09-07T13:04:59 IST" name="f" finished-at="2023-09-07T13:05:04 IST" duration-ms="5543" status="PASS">
          <reporter-output>
          </reporter-output>
        </test-method> <!-- f -->
        <test-method is-config="true" signature="f1()[pri:0, instance:com.testngseltesttwo.JenkinsSelTest@54c5a2ff]" started-at="2023-09-07T13:05:04 IST" name="f1" finished-at="2023-09-07T13:05:08 IST" duration-ms="3470" status="PASS">
          <reporter-output>
          </reporter-output>
        </test-method> <!-- f1 -->
      </class> <!-- com.testngseltesttwo.JenkinsSelTest -->
    </test> <!-- Test -->
  </suite> <!-- Suite -->
</testng-results>
