<?xml version="1.0" encoding="UTF-8"?>
<testng-results ignored="0" total="1" passed="1" failed="0" skipped="0">
  <reporter-output>
  </reporter-output>
  <suite started-at="2023-09-11T14:34:57 IST" name="Default suite" finished-at="2023-09-11T14:34:57 IST" duration-ms="610">
    <groups>
    </groups>
    <test started-at="2023-09-11T14:34:57 IST" name="Default test" finished-at="2023-09-11T14:34:57 IST" duration-ms="610">
      <class name="com.selenium.testng.log.LogFourjDemo">
        <test-method signature="f()[pri:0, instance:com.selenium.testng.log.LogFourjDemo@2a265ea9]" started-at="2023-09-11T14:34:57 IST" name="f" finished-at="2023-09-11T14:34:57 IST" duration-ms="558" status="PASS">
          <reporter-output>
          </reporter-output>
        </test-method> <!-- f -->
      </class> <!-- com.selenium.testng.log.LogFourjDemo -->
    </test> <!-- Default test -->
  </suite> <!-- Default suite -->
</testng-results>
